2025-02-18 10:42:46 [[1;31mERROR[0m] Your Git version does not support 'worktree'. Please upgrade Git.
2025-02-18 10:56:08 [[1;31mERROR[0m] Your Git version does not support 'worktree'. Please upgrade Git.
2025-02-18 11:02:29 [[1;31mERROR[0m] Your Git version does not support 'worktree'. Please upgrade Git.
2025-02-18 11:04:12 [[1;36mINFO[0m] Git worktree supported (version 2.48.1). Using worktree mode for time-tracking.
2025-02-18 11:04:12 [[1;31mERROR[0m] Usage: git-timetracking-tool.bash /path/to/git_repo [--forever]
2025-02-18 11:04:34 [[1;36mINFO[0m] Git worktree supported (version 2.48.1). Using worktree mode for time-tracking.
2025-02-18 11:04:34 [[1;31mERROR[0m] Usage: git-timetracking-tool.bash /path/to/git_repo [--forever]
2025-02-18 11:04:39 [[1;36mINFO[0m] Git worktree supported (version 2.48.1). Using worktree mode for time-tracking.
2025-02-18 11:04:39 [[1;31mERROR[0m] Directory '/home/milan/src/milan/api-fetcher/java-coding-challenge/async-data-fetcher' is not a git repository (missing .git folder).
2025-02-18 11:04:50 [[1;36mINFO[0m] Git worktree supported (version 2.48.1). Using worktree mode for time-tracking.
2025-02-18 11:04:50 [[1;31mERROR[0m] Directory '/home/milan/src/milan/api-fetcher/async-data-fetcher' is not a git repository (missing .git folder).
2025-02-18 11:05:15 [[1;36mINFO[0m] Git worktree supported (version 2.48.1). Using worktree mode for time-tracking.
2025-02-18 11:05:15 [[1;31mERROR[0m] Directory '/home/milan/src/milan/api-fetcher/java-coding-challenge/async-data-fetcher' is not a git repository (missing .git folder).
2025-02-18 11:05:39 [[1;36mINFO[0m] Git worktree supported (version 2.48.1). Using worktree mode for time-tracking.
2025-02-18 11:05:39 [[1;31mERROR[0m] Time-tracking directory already exists: /home/milan/src/milan/api-fetcher/java-coding-challenge-time-tracking
2025-02-18 11:05:52 [[1;36mINFO[0m] Git worktree supported (version 2.48.1). Using worktree mode for time-tracking.
2025-02-18 11:05:52 [[1;31mERROR[0m] Directory '/home/milan/src/milan/api-fetcher/java-coding-challenge' does not exist.
2025-02-18 11:06:36 [[1;36mINFO[0m] Git worktree supported (version 2.48.1). Using worktree mode for time-tracking.
2025-02-18 11:06:37 [[1;36mINFO[0m] Time-tracking folder will be created at: /home/milan/src/milan/api-fetcher/java-coding-challenge-time-tracking
2025-02-18 11:06:37 [[1;32mSUCCESS[0m] Created time-tracking worktree at /home/milan/src/milan/api-fetcher/java-coding-challenge-time-tracking on branch 'time-tracking'.
2025-02-18 11:06:37 [[1;36mINFO[0m] Monitoring '/home/milan/src/milan/api-fetcher/java-coding-challenge' for 186 minutes (every 5 minutes)...
2025-02-18 11:06:37 [[1;36mINFO[0m] Cycle 1 - Tue Feb 18 11:06:37 AM CET 2025
2025-02-18 11:06:37 [[1;36mINFO[0m] Directory synchronized.
2025-02-18 11:06:37 [[1;36mINFO[0m] No changes detected. Skipping commit.
2025-02-18 11:11:40 [[1;36mINFO[0m] Cycle 2 - Tue Feb 18 11:11:40 AM CET 2025
2025-02-18 11:11:40 [[1;36mINFO[0m] Directory synchronized.
2025-02-18 11:11:40 [[1;32mSUCCESS[0m] Committed changes with message: 'Auto-save: 2025-02-18 11:11:40 - Cycle 2'
2025-02-18 11:16:42 [[1;36mINFO[0m] Cycle 3 - Tue Feb 18 11:16:42 AM CET 2025
2025-02-18 11:16:42 [[1;36mINFO[0m] Directory synchronized.
2025-02-18 11:16:42 [[1;32mSUCCESS[0m] Committed changes with message: 'Auto-save: 2025-02-18 11:16:42 - Cycle 3'
2025-02-18 11:21:43 [[1;36mINFO[0m] Cycle 4 - Tue Feb 18 11:21:43 AM CET 2025
2025-02-18 11:21:43 [[1;36mINFO[0m] Directory synchronized.
2025-02-18 11:21:43 [[1;36mINFO[0m] No changes detected. Skipping commit.
2025-02-18 11:26:44 [[1;36mINFO[0m] Cycle 5 - Tue Feb 18 11:26:44 AM CET 2025
2025-02-18 11:26:44 [[1;36mINFO[0m] Directory synchronized.
2025-02-18 11:26:44 [[1;32mSUCCESS[0m] Committed changes with message: 'Auto-save: 2025-02-18 11:26:44 - Cycle 5'
2025-02-18 11:31:47 [[1;36mINFO[0m] Cycle 6 - Tue Feb 18 11:31:47 AM CET 2025
2025-02-18 11:31:47 [[1;36mINFO[0m] Directory synchronized.
2025-02-18 11:31:47 [[1;32mSUCCESS[0m] Committed changes with message: 'Auto-save: 2025-02-18 11:31:47 - Cycle 6'
2025-02-18 11:36:50 [[1;36mINFO[0m] Cycle 7 - Tue Feb 18 11:36:50 AM CET 2025
2025-02-18 11:36:50 [[1;36mINFO[0m] Directory synchronized.
2025-02-18 11:36:51 [[1;32mSUCCESS[0m] Committed changes with message: 'Auto-save: 2025-02-18 11:36:51 - Cycle 7'
2025-02-18 11:41:53 [[1;36mINFO[0m] Cycle 8 - Tue Feb 18 11:41:53 AM CET 2025
2025-02-18 11:41:53 [[1;36mINFO[0m] Directory synchronized.
2025-02-18 11:41:54 [[1;32mSUCCESS[0m] Committed changes with message: 'Auto-save: 2025-02-18 11:41:54 - Cycle 8'
2025-02-18 11:46:56 [[1;36mINFO[0m] Cycle 9 - Tue Feb 18 11:46:56 AM CET 2025
2025-02-18 11:46:56 [[1;36mINFO[0m] Directory synchronized.
2025-02-18 11:46:56 [[1;36mINFO[0m] No changes detected. Skipping commit.
2025-02-18 11:51:58 [[1;36mINFO[0m] Cycle 10 - Tue Feb 18 11:51:58 AM CET 2025
2025-02-18 11:51:58 [[1;36mINFO[0m] Directory synchronized.
2025-02-18 11:51:59 [[1;36mINFO[0m] No changes detected. Skipping commit.
2025-02-18 11:57:01 [[1;36mINFO[0m] Cycle 11 - Tue Feb 18 11:57:01 AM CET 2025
2025-02-18 11:57:01 [[1;36mINFO[0m] Directory synchronized.
2025-02-18 11:57:01 [[1;36mINFO[0m] No changes detected. Skipping commit.
2025-02-18 12:02:04 [[1;36mINFO[0m] Cycle 12 - Tue Feb 18 12:02:04 PM CET 2025
2025-02-18 12:02:04 [[1;36mINFO[0m] Directory synchronized.
2025-02-18 12:02:04 [[1;36mINFO[0m] No changes detected. Skipping commit.
2025-02-18 12:07:07 [[1;36mINFO[0m] Cycle 13 - Tue Feb 18 12:07:07 PM CET 2025
2025-02-18 12:07:07 [[1;36mINFO[0m] Directory synchronized.
2025-02-18 12:07:07 [[1;32mSUCCESS[0m] Committed changes with message: 'Auto-save: 2025-02-18 12:07:07 - Cycle 13'
2025-02-18 12:12:10 [[1;36mINFO[0m] Cycle 14 - Tue Feb 18 12:12:10 PM CET 2025
2025-02-18 12:12:10 [[1;36mINFO[0m] Directory synchronized.
2025-02-18 12:12:10 [[1;32mSUCCESS[0m] Committed changes with message: 'Auto-save: 2025-02-18 12:12:10 - Cycle 14'
2025-02-18 12:17:14 [[1;36mINFO[0m] Cycle 15 - Tue Feb 18 12:17:14 PM CET 2025
2025-02-18 12:17:14 [[1;36mINFO[0m] Directory synchronized.
2025-02-18 12:17:14 [[1;32mSUCCESS[0m] Committed changes with message: 'Auto-save: 2025-02-18 12:17:14 - Cycle 15'
2025-02-18 12:22:17 [[1;36mINFO[0m] Cycle 16 - Tue Feb 18 12:22:17 PM CET 2025
2025-02-18 12:22:17 [[1;36mINFO[0m] Directory synchronized.
2025-02-18 12:22:17 [[1;32mSUCCESS[0m] Committed changes with message: 'Auto-save: 2025-02-18 12:22:17 - Cycle 16'
2025-02-18 12:27:20 [[1;36mINFO[0m] Cycle 17 - Tue Feb 18 12:27:20 PM CET 2025
2025-02-18 12:27:20 [[1;36mINFO[0m] Directory synchronized.
2025-02-18 12:27:20 [[1;32mSUCCESS[0m] Committed changes with message: 'Auto-save: 2025-02-18 12:27:20 - Cycle 17'
2025-02-18 12:32:23 [[1;36mINFO[0m] Cycle 18 - Tue Feb 18 12:32:23 PM CET 2025
2025-02-18 12:32:24 [[1;36mINFO[0m] Directory synchronized.
2025-02-18 12:32:24 [[1;32mSUCCESS[0m] Committed changes with message: 'Auto-save: 2025-02-18 12:32:24 - Cycle 18'
2025-02-18 12:37:27 [[1;36mINFO[0m] Cycle 19 - Tue Feb 18 12:37:27 PM CET 2025
2025-02-18 12:37:27 [[1;36mINFO[0m] Directory synchronized.
2025-02-18 12:37:27 [[1;32mSUCCESS[0m] Committed changes with message: 'Auto-save: 2025-02-18 12:37:27 - Cycle 19'
2025-02-18 12:42:30 [[1;36mINFO[0m] Cycle 20 - Tue Feb 18 12:42:30 PM CET 2025
2025-02-18 12:42:30 [[1;36mINFO[0m] Directory synchronized.
2025-02-18 12:42:30 [[1;32mSUCCESS[0m] Committed changes with message: 'Auto-save: 2025-02-18 12:42:30 - Cycle 20'
2025-02-18 12:47:33 [[1;36mINFO[0m] Cycle 21 - Tue Feb 18 12:47:33 PM CET 2025
2025-02-18 12:47:33 [[1;36mINFO[0m] Directory synchronized.
2025-02-18 12:47:33 [[1;32mSUCCESS[0m] Committed changes with message: 'Auto-save: 2025-02-18 12:47:33 - Cycle 21'
2025-02-18 12:52:36 [[1;36mINFO[0m] Cycle 22 - Tue Feb 18 12:52:36 PM CET 2025
2025-02-18 12:52:36 [[1;36mINFO[0m] Directory synchronized.
2025-02-18 12:52:36 [[1;32mSUCCESS[0m] Committed changes with message: 'Auto-save: 2025-02-18 12:52:36 - Cycle 22'
2025-02-18 12:57:39 [[1;36mINFO[0m] Cycle 23 - Tue Feb 18 12:57:39 PM CET 2025
2025-02-18 12:57:39 [[1;36mINFO[0m] Directory synchronized.
2025-02-18 12:57:39 [[1;32mSUCCESS[0m] Committed changes with message: 'Auto-save: 2025-02-18 12:57:39 - Cycle 23'
2025-02-18 13:02:42 [[1;36mINFO[0m] Cycle 24 - Tue Feb 18 01:02:42 PM CET 2025
2025-02-18 13:02:42 [[1;36mINFO[0m] Directory synchronized.
2025-02-18 13:02:43 [[1;32mSUCCESS[0m] Committed changes with message: 'Auto-save: 2025-02-18 13:02:42 - Cycle 24'
2025-02-18 13:07:45 [[1;36mINFO[0m] Cycle 25 - Tue Feb 18 01:07:45 PM CET 2025
2025-02-18 13:07:45 [[1;36mINFO[0m] Directory synchronized.
2025-02-18 13:07:45 [[1;32mSUCCESS[0m] Committed changes with message: 'Auto-save: 2025-02-18 13:07:45 - Cycle 25'
2025-02-18 13:12:48 [[1;36mINFO[0m] Cycle 26 - Tue Feb 18 01:12:48 PM CET 2025
2025-02-18 13:12:49 [[1;36mINFO[0m] Directory synchronized.
2025-02-18 13:12:49 [[1;32mSUCCESS[0m] Committed changes with message: 'Auto-save: 2025-02-18 13:12:49 - Cycle 26'
2025-02-18 13:17:52 [[1;36mINFO[0m] Cycle 27 - Tue Feb 18 01:17:52 PM CET 2025
2025-02-18 13:17:52 [[1;36mINFO[0m] Directory synchronized.
2025-02-18 13:17:52 [[1;32mSUCCESS[0m] Committed changes with message: 'Auto-save: 2025-02-18 13:17:52 - Cycle 27'
2025-02-18 13:18:29 [[1;31mERROR[0m] Script interrupted. Exiting gracefully...
