2025-02-18 14:38:48,644 INFO o.a.j.u.JMeterUtils: Setting Locale to en_EN
2025-02-18 14:38:48,671 INFO o.a.j.JMeter: Loading user properties from: /home/linuxbrew/.linuxbrew/Cellar/jmeter/5.6.3/libexec/bin/user.properties
2025-02-18 14:38:48,672 INFO o.a.j.JMeter: Loading system properties from: /home/linuxbrew/.linuxbrew/Cellar/jmeter/5.6.3/libexec/bin/system.properties
2025-02-18 14:38:48,679 INFO o.a.j.JMeter: Copyright (c) 1998-2024 The Apache Software Foundation
2025-02-18 14:38:48,680 INFO o.a.j.JMeter: Version 5.6.3
2025-02-18 14:38:48,680 INFO o.a.j.JMeter: java.version=21.0.6
2025-02-18 14:38:48,680 INFO o.a.j.JMeter: java.vm.name=OpenJDK 64-Bit Server VM
2025-02-18 14:38:48,680 INFO o.a.j.JMeter: os.name=Linux
2025-02-18 14:38:48,680 INFO o.a.j.JMeter: os.arch=amd64
2025-02-18 14:38:48,680 INFO o.a.j.JMeter: os.version=6.12.10-200.fc41.x86_64
2025-02-18 14:38:48,680 INFO o.a.j.JMeter: file.encoding=UTF-8
2025-02-18 14:38:48,680 INFO o.a.j.JMeter: java.awt.headless=true
2025-02-18 14:38:48,680 INFO o.a.j.JMeter: Max memory     =1073741824
2025-02-18 14:38:48,680 INFO o.a.j.JMeter: Available Processors =4
2025-02-18 14:38:48,696 INFO o.a.j.JMeter: Default Locale=English (EN)
2025-02-18 14:38:48,696 INFO o.a.j.JMeter: JMeter  Locale=English (EN)
2025-02-18 14:38:48,696 INFO o.a.j.JMeter: JMeterHome=/home/linuxbrew/.linuxbrew/Cellar/jmeter/5.6.3/libexec
2025-02-18 14:38:48,696 INFO o.a.j.JMeter: user.dir  =/home/milan/src/milan/api-fetcher/java-coding-challenge/async-data-fetcher
2025-02-18 14:38:48,696 INFO o.a.j.JMeter: PWD       =/home/milan/src/milan/api-fetcher/java-coding-challenge/async-data-fetcher
2025-02-18 14:38:48,697 INFO o.a.j.JMeter: IP: 10.20.20.58 Name: krylon FullName: krylon
2025-02-18 14:38:48,716 ERROR o.a.j.JMeter: An error occurred: 
java.lang.IllegalArgumentException: Cannot write to '/home/milan/src/milan/api-fetcher/java-coding-challenge/async-data-fetcher/perf-tests/report' as folder does not exist and parent folder is not writable
	at org.apache.jorphan.util.JOrphanUtils.canSafelyWriteToFolder(JOrphanUtils.java:672) ~[jorphan.jar:5.6.3]
	at org.apache.jorphan.util.JOrphanUtils.canSafelyWriteToFolder(JOrphanUtils.java:620) ~[jorphan.jar:5.6.3]
	at org.apache.jmeter.JMeter.extractAndSetReportOutputFolder(JMeter.java:542) ~[ApacheJMeter_core.jar:5.6.3]
	at org.apache.jmeter.JMeter.start(JMeter.java:492) [ApacheJMeter_core.jar:5.6.3]
	at java.base/jdk.internal.reflect.DirectMethodHandleAccessor.invoke(DirectMethodHandleAccessor.java:103) ~[?:?]
	at java.base/java.lang.reflect.Method.invoke(Method.java:580) ~[?:?]
	at org.apache.jmeter.NewDriver.main(NewDriver.java:259) [ApacheJMeter.jar:5.6.3]
